                   Vector aleator
HeapSort:                             494 ms
QuickSort:                            290 ms
BucketSort:                           188 ms
BucketSort2:                          171 ms

                   Vector sortat
HeapSort:                             376 ms
QuickSort:                            117 ms
BucketSort:                           290 ms
BucketSort2:                          91 ms

                   Vector sortat in proportie de 75%
HeapSort:                             381 ms
QuickSort:                            105 ms
BucketSort:                           295 ms
BucketSort2:                          138 ms

                   Vector sortat in proportie de 50%
HeapSort:                             379 ms
QuickSort:                            105 ms
BucketSort:                           293 ms
BucketSort2:                          140 ms

                   Vector sortat descrescator 
HeapSort:                             605 ms
QuickSort:                            109 ms
BucketSort:                           455 ms
BucketSort2:                          108 ms

                   Vector sortat descrescator in proportie de 75%
HeapSort:                             469 ms
QuickSort:                            166 ms
BucketSort:                           376 ms
BucketSort2:                          148 ms

                   Vector sortat descrescator in proportie de 50%
HeapSort:                             463 ms
QuickSort:                            173 ms
BucketSort:                           371 ms
BucketSort2:                          147 ms

                   Vector de tip 'munte'
HeapSort:                             384 ms
QuickSort:                            202 ms
BucketSort:                           330 ms
BucketSort2:                          184 ms




BONUS

STALINSORT este un algoritm sovietic de sortare,
care garanteaza sortarea in O(n), indiferent de input
eliminand din vector elementele care nu corespund

STALINSORT:                           12 ms
